::1 - - [07/Nov/2016:13:16:02 +0800] "GET / HTTP/1.1" 302 - "-" "Mozilla/5.0 (Windows NT 6.3; WOW64) AppleWebKit/537.36 (KHTML, like Gecko) Chrome/54.0.2840.71 Safari/537.36"
::1 - - [07/Nov/2016:13:16:05 +0800] "GET /dashboard/phpinfo.php HTTP/1.1" 200 93356 "http://localhost:8899/dashboard/" "Mozilla/5.0 (Windows NT 6.3; WOW64) AppleWebKit/537.36 (KHTML, like Gecko) Chrome/54.0.2840.71 Safari/537.36"
::1 - - [07/Nov/2016:13:16:18 +0800] "GET /dashboard/images/social-icons@2x.png HTTP/1.1" 200 5360 "http://localhost:8899/dashboard/stylesheets/all.css" "Mozilla/5.0 (Windows NT 6.3; WOW64) AppleWebKit/537.36 (KHTML, like Gecko) Chrome/54.0.2840.71 Safari/537.36"
::1 - - [07/Nov/2016:13:18:33 +0800] "GET /dashboard/phpinfo.php HTTP/1.1" 200 112734 "http://localhost:8899/dashboard/" "Mozilla/5.0 (Windows NT 6.3; WOW64) AppleWebKit/537.36 (KHTML, like Gecko) Chrome/54.0.2840.71 Safari/537.36"
::1 - - [07/Nov/2016:13:22:54 +0800] "GET /dashboard/ HTTP/1.1" 200 6904 "-" "Mozilla/5.0 (Windows NT 6.3; WOW64) AppleWebKit/537.36 (KHTML, like Gecko) Chrome/54.0.2840.71 Safari/537.36"
::1 - - [07/Nov/2016:13:22:54 +0800] "GET /dashboard/images/favicon.png HTTP/1.1" 200 2508 "http://localhost:8899/dashboard/" "Mozilla/5.0 (Windows NT 6.3; WOW64) AppleWebKit/537.36 (KHTML, like Gecko) Chrome/54.0.2840.71 Safari/537.36"
::1 - - [07/Nov/2016:13:28:26 +0800] "GET /laravel/publie/j1 HTTP/1.1" 404 1054 "-" "Mozilla/5.0 (Windows NT 6.3; WOW64) AppleWebKit/537.36 (KHTML, like Gecko) Chrome/54.0.2840.71 Safari/537.36"
::1 - - [07/Nov/2016:13:28:36 +0800] "GET /laravel/public/j1 HTTP/1.1" 500 24533 "-" "Mozilla/5.0 (Windows NT 6.3; WOW64) AppleWebKit/537.36 (KHTML, like Gecko) Chrome/54.0.2840.71 Safari/537.36"
::1 - - [07/Nov/2016:13:29:25 +0800] "GET /laravel/public/j1 HTTP/1.1" 500 24533 "-" "Mozilla/5.0 (Windows NT 6.3; WOW64) AppleWebKit/537.36 (KHTML, like Gecko) Chrome/54.0.2840.71 Safari/537.36"
::1 - - [07/Nov/2016:13:29:26 +0800] "GET /favicon.ico HTTP/1.1" 200 30894 "http://localhost:8899/laravel/public/j1" "Mozilla/5.0 (Windows NT 6.3; WOW64) AppleWebKit/537.36 (KHTML, like Gecko) Chrome/54.0.2840.71 Safari/537.36"
::1 - - [07/Nov/2016:13:29:30 +0800] "GET /laravel/public/j1 HTTP/1.1" 500 24533 "-" "Mozilla/5.0 (Windows NT 6.3; WOW64) AppleWebKit/537.36 (KHTML, like Gecko) Chrome/54.0.2840.71 Safari/537.36"
::1 - - [07/Nov/2016:13:29:31 +0800] "GET /favicon.ico HTTP/1.1" 200 30894 "http://localhost:8899/laravel/public/j1" "Mozilla/5.0 (Windows NT 6.3; WOW64) AppleWebKit/537.36 (KHTML, like Gecko) Chrome/54.0.2840.71 Safari/537.36"
::1 - - [07/Nov/2016:13:29:31 +0800] "GET /laravel/public/j1 HTTP/1.1" 500 24533 "-" "Mozilla/5.0 (Windows NT 6.3; WOW64) AppleWebKit/537.36 (KHTML, like Gecko) Chrome/54.0.2840.71 Safari/537.36"
::1 - - [07/Nov/2016:13:29:31 +0800] "GET /favicon.ico HTTP/1.1" 200 30894 "http://localhost:8899/laravel/public/j1" "Mozilla/5.0 (Windows NT 6.3; WOW64) AppleWebKit/537.36 (KHTML, like Gecko) Chrome/54.0.2840.71 Safari/537.36"
::1 - - [07/Nov/2016:13:29:32 +0800] "GET /laravel/public/j1 HTTP/1.1" 500 24533 "-" "Mozilla/5.0 (Windows NT 6.3; WOW64) AppleWebKit/537.36 (KHTML, like Gecko) Chrome/54.0.2840.71 Safari/537.36"
::1 - - [07/Nov/2016:13:29:32 +0800] "GET /favicon.ico HTTP/1.1" 200 30894 "http://localhost:8899/laravel/public/j1" "Mozilla/5.0 (Windows NT 6.3; WOW64) AppleWebKit/537.36 (KHTML, like Gecko) Chrome/54.0.2840.71 Safari/537.36"
::1 - - [07/Nov/2016:13:29:33 +0800] "GET /laravel/public/j1 HTTP/1.1" 500 24533 "-" "Mozilla/5.0 (Windows NT 6.3; WOW64) AppleWebKit/537.36 (KHTML, like Gecko) Chrome/54.0.2840.71 Safari/537.36"
::1 - - [07/Nov/2016:13:29:33 +0800] "GET /favicon.ico HTTP/1.1" 200 30894 "http://localhost:8899/laravel/public/j1" "Mozilla/5.0 (Windows NT 6.3; WOW64) AppleWebKit/537.36 (KHTML, like Gecko) Chrome/54.0.2840.71 Safari/537.36"
::1 - - [07/Nov/2016:13:30:35 +0800] "GET /laravel/public/j1 HTTP/1.1" 500 21629 "-" "Mozilla/5.0 (Windows NT 6.3; WOW64) AppleWebKit/537.36 (KHTML, like Gecko) Chrome/54.0.2840.71 Safari/537.36"
::1 - - [07/Nov/2016:13:30:36 +0800] "GET /favicon.ico HTTP/1.1" 200 30894 "http://localhost:8899/laravel/public/j1" "Mozilla/5.0 (Windows NT 6.3; WOW64) AppleWebKit/537.36 (KHTML, like Gecko) Chrome/54.0.2840.71 Safari/537.36"
::1 - - [07/Nov/2016:13:30:39 +0800] "GET /laravel/public/j1 HTTP/1.1" 500 21629 "-" "Mozilla/5.0 (Windows NT 6.3; WOW64) AppleWebKit/537.36 (KHTML, like Gecko) Chrome/54.0.2840.71 Safari/537.36"
::1 - - [07/Nov/2016:13:30:39 +0800] "GET /favicon.ico HTTP/1.1" 200 30894 "http://localhost:8899/laravel/public/j1" "Mozilla/5.0 (Windows NT 6.3; WOW64) AppleWebKit/537.36 (KHTML, like Gecko) Chrome/54.0.2840.71 Safari/537.36"
::1 - - [07/Nov/2016:13:35:29 +0800] "GET /laravel/public/j1 HTTP/1.1" 500 24533 "-" "Mozilla/5.0 (Windows NT 6.3; WOW64) AppleWebKit/537.36 (KHTML, like Gecko) Chrome/54.0.2840.71 Safari/537.36"
::1 - - [07/Nov/2016:13:35:30 +0800] "GET /favicon.ico HTTP/1.1" 200 30894 "http://localhost:8899/laravel/public/j1" "Mozilla/5.0 (Windows NT 6.3; WOW64) AppleWebKit/537.36 (KHTML, like Gecko) Chrome/54.0.2840.71 Safari/537.36"
::1 - - [07/Nov/2016:13:37:33 +0800] "GET /laravel/public/ HTTP/1.1" 200 2321 "-" "Mozilla/5.0 (Windows NT 6.3; WOW64) AppleWebKit/537.36 (KHTML, like Gecko) Chrome/54.0.2840.71 Safari/537.36"
::1 - - [07/Nov/2016:13:37:36 +0800] "GET /laravel/public/j1 HTTP/1.1" 500 24533 "-" "Mozilla/5.0 (Windows NT 6.3; WOW64) AppleWebKit/537.36 (KHTML, like Gecko) Chrome/54.0.2840.71 Safari/537.36"
::1 - - [07/Nov/2016:13:39:23 +0800] "GET /laravel/public/j1 HTTP/1.1" 200 1388 "-" "Mozilla/5.0 (Windows NT 6.3; WOW64) AppleWebKit/537.36 (KHTML, like Gecko) Chrome/54.0.2840.71 Safari/537.36"
::1 - - [07/Nov/2016:13:39:24 +0800] "GET /favicon.ico HTTP/1.1" 200 30894 "http://localhost:8899/laravel/public/j1" "Mozilla/5.0 (Windows NT 6.3; WOW64) AppleWebKit/537.36 (KHTML, like Gecko) Chrome/54.0.2840.71 Safari/537.36"
::1 - - [07/Nov/2016:13:39:55 +0800] "GET /laravel/public/j1 HTTP/1.1" 200 3293 "-" "Mozilla/5.0 (Windows NT 6.3; WOW64) AppleWebKit/537.36 (KHTML, like Gecko) Chrome/54.0.2840.71 Safari/537.36"
::1 - - [07/Nov/2016:13:39:55 +0800] "GET /favicon.ico HTTP/1.1" 200 30894 "http://localhost:8899/laravel/public/j1" "Mozilla/5.0 (Windows NT 6.3; WOW64) AppleWebKit/537.36 (KHTML, like Gecko) Chrome/54.0.2840.71 Safari/537.36"
::1 - - [07/Nov/2016:13:40:00 +0800] "GET /laravel/public/j1 HTTP/1.1" 200 1388 "-" "Mozilla/5.0 (Windows NT 6.3; WOW64) AppleWebKit/537.36 (KHTML, like Gecko) Chrome/54.0.2840.71 Safari/537.36"
::1 - - [07/Nov/2016:13:40:00 +0800] "GET /favicon.ico HTTP/1.1" 200 30894 "http://localhost:8899/laravel/public/j1" "Mozilla/5.0 (Windows NT 6.3; WOW64) AppleWebKit/537.36 (KHTML, like Gecko) Chrome/54.0.2840.71 Safari/537.36"
::1 - - [07/Nov/2016:13:40:02 +0800] "GET /laravel/public/j1 HTTP/1.1" 200 1388 "-" "Mozilla/5.0 (Windows NT 6.3; WOW64) AppleWebKit/537.36 (KHTML, like Gecko) Chrome/54.0.2840.71 Safari/537.36"
::1 - - [07/Nov/2016:13:40:02 +0800] "GET /favicon.ico HTTP/1.1" 200 30894 "http://localhost:8899/laravel/public/j1" "Mozilla/5.0 (Windows NT 6.3; WOW64) AppleWebKit/537.36 (KHTML, like Gecko) Chrome/54.0.2840.71 Safari/537.36"
::1 - - [07/Nov/2016:13:40:03 +0800] "GET /laravel/public/j1 HTTP/1.1" 200 1388 "-" "Mozilla/5.0 (Windows NT 6.3; WOW64) AppleWebKit/537.36 (KHTML, like Gecko) Chrome/54.0.2840.71 Safari/537.36"
::1 - - [07/Nov/2016:13:40:03 +0800] "GET /favicon.ico HTTP/1.1" 200 30894 "http://localhost:8899/laravel/public/j1" "Mozilla/5.0 (Windows NT 6.3; WOW64) AppleWebKit/537.36 (KHTML, like Gecko) Chrome/54.0.2840.71 Safari/537.36"
::1 - - [07/Nov/2016:13:41:06 +0800] "GET /laravel/public/json HTTP/1.1" 200 16176 "-" "Mozilla/5.0 (Windows NT 6.3; WOW64) AppleWebKit/537.36 (KHTML, like Gecko) Chrome/54.0.2840.71 Safari/537.36"
::1 - - [07/Nov/2016:13:41:58 +0800] "GET /laravel/public/json HTTP/1.1" 200 59852 "-" "Mozilla/5.0 (Windows NT 6.3; WOW64) AppleWebKit/537.36 (KHTML, like Gecko) Chrome/54.0.2840.71 Safari/537.36"
::1 - - [07/Nov/2016:13:41:58 +0800] "GET /favicon.ico HTTP/1.1" 200 30894 "http://localhost:8899/laravel/public/json" "Mozilla/5.0 (Windows NT 6.3; WOW64) AppleWebKit/537.36 (KHTML, like Gecko) Chrome/54.0.2840.71 Safari/537.36"
::1 - - [07/Nov/2016:13:42:14 +0800] "GET /laravel/public/json HTTP/1.1" 200 59852 "-" "Mozilla/5.0 (Windows NT 6.3; WOW64) AppleWebKit/537.36 (KHTML, like Gecko) Chrome/54.0.2840.71 Safari/537.36"
::1 - - [07/Nov/2016:13:42:15 +0800] "GET /favicon.ico HTTP/1.1" 200 30894 "http://localhost:8899/laravel/public/json" "Mozilla/5.0 (Windows NT 6.3; WOW64) AppleWebKit/537.36 (KHTML, like Gecko) Chrome/54.0.2840.71 Safari/537.36"
::1 - - [07/Nov/2016:13:45:53 +0800] "GET /laravel/public/json HTTP/1.1" 200 59852 "-" "Mozilla/5.0 (Windows NT 6.3; WOW64) AppleWebKit/537.36 (KHTML, like Gecko) Chrome/54.0.2840.71 Safari/537.36"
::1 - - [07/Nov/2016:13:45:53 +0800] "GET /favicon.ico HTTP/1.1" 200 30894 "http://localhost:8899/laravel/public/json" "Mozilla/5.0 (Windows NT 6.3; WOW64) AppleWebKit/537.36 (KHTML, like Gecko) Chrome/54.0.2840.71 Safari/537.36"
::1 - - [07/Nov/2016:13:48:19 +0800] "GET /laravel/public/json HTTP/1.1" 200 56945 "-" "Mozilla/5.0 (Windows NT 6.3; WOW64) AppleWebKit/537.36 (KHTML, like Gecko) Chrome/54.0.2840.71 Safari/537.36"
::1 - - [07/Nov/2016:13:48:19 +0800] "GET /favicon.ico HTTP/1.1" 200 30894 "http://localhost:8899/laravel/public/json" "Mozilla/5.0 (Windows NT 6.3; WOW64) AppleWebKit/537.36 (KHTML, like Gecko) Chrome/54.0.2840.71 Safari/537.36"
