[Fri Dec 30 11:16:33.974775 2016] [ssl:warn] [pid 8824:tid 388] AH01909: www.example.com:443:0 server certificate does NOT include an ID which matches the server name
[Fri Dec 30 11:16:34.396655 2016] [ssl:warn] [pid 8824:tid 388] AH01909: www.example.com:443:0 server certificate does NOT include an ID which matches the server name
[Fri Dec 30 11:16:40.208429 2016] [mpm_winnt:notice] [pid 8824:tid 388] AH00455: Apache/2.4.23 (Win32) OpenSSL/1.0.2h PHP/5.6.28 configured -- resuming normal operations
[Fri Dec 30 11:16:40.208429 2016] [mpm_winnt:notice] [pid 8824:tid 388] AH00456: Apache Lounge VC11 Server built: Jul  7 2016 11:13:22
[Fri Dec 30 11:16:40.208429 2016] [core:notice] [pid 8824:tid 388] AH00094: Command line: 'd:\\xampp\\apache\\bin\\httpd.exe -d D:/xampp/apache'
[Fri Dec 30 11:16:40.255336 2016] [mpm_winnt:notice] [pid 8824:tid 388] AH00418: Parent: Created child process 9312
[Fri Dec 30 11:16:40.701813 2016] [ssl:warn] [pid 9312:tid 388] AH01909: www.example.com:443:0 server certificate does NOT include an ID which matches the server name
[Fri Dec 30 11:16:40.826816 2016] [ssl:warn] [pid 9312:tid 388] AH01909: www.example.com:443:0 server certificate does NOT include an ID which matches the server name
[Fri Dec 30 11:16:40.858086 2016] [mpm_winnt:notice] [pid 9312:tid 388] AH00354: Child: Starting 150 worker threads.
[Fri Dec 30 11:16:46.945989 2016] [mpm_winnt:crit] [pid 9312:tid 388] AH02538: Child: Parent process exited abruptly. Child process is ending
[Fri Dec 30 11:16:49.511580 2016] [ssl:warn] [pid 9256:tid 388] AH01909: www.example.com:443:0 server certificate does NOT include an ID which matches the server name
[Fri Dec 30 11:16:49.589722 2016] [core:warn] [pid 9256:tid 388] AH00098: pid file D:/xampp/apache/logs/httpd.pid overwritten -- Unclean shutdown of previous Apache run?
[Fri Dec 30 11:16:49.678980 2016] [ssl:warn] [pid 9256:tid 388] AH01909: www.example.com:443:0 server certificate does NOT include an ID which matches the server name
[Fri Dec 30 11:16:49.712892 2016] [mpm_winnt:notice] [pid 9256:tid 388] AH00455: Apache/2.4.23 (Win32) OpenSSL/1.0.2h PHP/5.6.28 configured -- resuming normal operations
[Fri Dec 30 11:16:49.712892 2016] [mpm_winnt:notice] [pid 9256:tid 388] AH00456: Apache Lounge VC11 Server built: Jul  7 2016 11:13:22
[Fri Dec 30 11:16:49.712892 2016] [core:notice] [pid 9256:tid 388] AH00094: Command line: 'd:\\xampp\\apache\\bin\\httpd.exe -d D:/xampp/apache'
[Fri Dec 30 11:16:49.728519 2016] [mpm_winnt:notice] [pid 9256:tid 388] AH00418: Parent: Created child process 9668
[Fri Dec 30 11:16:50.167958 2016] [ssl:warn] [pid 9668:tid 400] AH01909: www.example.com:443:0 server certificate does NOT include an ID which matches the server name
[Fri Dec 30 11:16:50.308587 2016] [ssl:warn] [pid 9668:tid 400] AH01909: www.example.com:443:0 server certificate does NOT include an ID which matches the server name
[Fri Dec 30 11:16:50.332203 2016] [mpm_winnt:notice] [pid 9668:tid 400] AH00354: Child: Starting 150 worker threads.
[Fri Dec 30 11:19:27.575862 2016] [mpm_winnt:crit] [pid 9668:tid 400] AH02538: Child: Parent process exited abruptly. Child process is ending
