2015-11-10 15:26:56 10fc InnoDB: Warning: Using innodb_additional_mem_pool_size is DEPRECATED. This option may be removed in future releases, together with the option innodb_use_sys_malloc and with the InnoDB's internal memory allocator.
2015-11-10 15:26:56 4348 [Note] InnoDB: Using mutexes to ref count buffer pool pages
2015-11-10 15:26:56 4348 [Note] InnoDB: The InnoDB memory heap is disabled
2015-11-10 15:26:56 4348 [Note] InnoDB: Mutexes and rw_locks use Windows interlocked functions
2015-11-10 15:26:56 4348 [Note] InnoDB: Memory barrier is not used
2015-11-10 15:26:56 4348 [Note] InnoDB: Compressed tables use zlib 1.2.3
2015-11-10 15:26:56 4348 [Note] InnoDB: Not using CPU crc32 instructions
2015-11-10 15:26:56 4348 [Note] InnoDB: Initializing buffer pool, size = 16.0M
2015-11-10 15:26:56 4348 [Note] InnoDB: Completed initialization of buffer pool
2015-11-10 15:26:56 4348 [Note] InnoDB: Highest supported file format is Barracuda.
2015-11-10 15:26:57 4348 [Note] InnoDB: 128 rollback segment(s) are active.
2015-11-10 15:26:57 4348 [Note] InnoDB: Waiting for purge to start
2015-11-10 15:26:57 4348 [Note] InnoDB:  Percona XtraDB (http://www.percona.com) 5.6.26-74.0 started; log sequence number 1835027
2015-11-10 15:26:57 6140 [Note] InnoDB: Dumping buffer pool(s) not yet started
2015-11-10 15:26:57 4348 [Note] Plugin 'FEEDBACK' is disabled.
2015-11-10 15:26:57 4348 [Note] Server socket created on IP: '::'.
2015-11-10 15:26:57 4348 [Note] Event Scheduler: Loaded 0 events
2015-11-10 15:26:57 4348 [Note] C:\xampp\mysql\bin\mysqld.exe: ready for connections.
Version: '10.1.8-MariaDB'  socket: ''  port: 3306  mariadb.org binary distribution
2015-11-10 15:27:11 5152 [Note] C:\xampp\mysql\bin\mysqld.exe: Normal shutdown

2015-11-10 15:27:11 5152 [Note] Event Scheduler: Purging the queue. 0 events
2015-11-10 15:27:11 5732 [Note] InnoDB: FTS optimize thread exiting.
2015-11-10 15:27:11 5152 [Note] InnoDB: Starting shutdown...
2015-11-10 15:27:13 5152 [Note] InnoDB: Shutdown completed; log sequence number 1835037
2015-11-10 15:27:13 5152 [Note] C:\xampp\mysql\bin\mysqld.exe: Shutdown complete

2016-11-04 22:32:58 2e8c InnoDB: Warning: Using innodb_additional_mem_pool_size is DEPRECATED. This option may be removed in future releases, together with the option innodb_use_sys_malloc and with the InnoDB's internal memory allocator.
2016-11-04 22:32:58 11916 [Note] InnoDB: innodb_empty_free_list_algorithm has been changed to legacy because of small buffer pool size. In order to use backoff, increase buffer pool at least up to 20MB.

2016-11-04 22:32:58 11916 [Note] InnoDB: Using mutexes to ref count buffer pool pages
2016-11-04 22:32:58 11916 [Note] InnoDB: The InnoDB memory heap is disabled
2016-11-04 22:32:58 11916 [Note] InnoDB: Mutexes and rw_locks use Windows interlocked functions
2016-11-04 22:32:58 11916 [Note] InnoDB: Memory barrier is not used
2016-11-04 22:32:58 11916 [Note] InnoDB: Compressed tables use zlib 1.2.3
2016-11-04 22:32:58 11916 [Note] InnoDB: Using generic crc32 instructions
2016-11-04 22:32:58 11916 [Note] InnoDB: Initializing buffer pool, size = 16.0M
2016-11-04 22:32:58 11916 [Note] InnoDB: Completed initialization of buffer pool
2016-11-04 22:32:58 11916 [Note] InnoDB: Highest supported file format is Barracuda.
2016-11-04 22:32:59 11916 [Note] InnoDB: 128 rollback segment(s) are active.
2016-11-04 22:32:59 11916 [Note] InnoDB: Waiting for purge to start
2016-11-04 22:32:59 11916 [Note] InnoDB:  Percona XtraDB (http://www.percona.com) 5.6.30-76.3 started; log sequence number 1835037
2016-11-04 22:32:59 9848 [Note] InnoDB: Dumping buffer pool(s) not yet started
2016-11-04 22:32:59 11916 [Note] Plugin 'FEEDBACK' is disabled.
2016-11-04 22:32:59 11916 [Note] Server socket created on IP: '::'.
2016-11-04 22:32:59 11916 [Note] d:\xampp\mysql\bin\mysqld.exe: ready for connections.
Version: '10.1.16-MariaDB'  socket: ''  port: 3306  mariadb.org binary distribution
2016-11-04 22:34:10 11564 [Note] d:\xampp\mysql\bin\mysqld.exe: Normal shutdown

2016-11-04 22:34:10 11564 [Note] Event Scheduler: Purging the queue. 0 events
2016-11-04 22:34:10 8308 [Note] InnoDB: FTS optimize thread exiting.
2016-11-04 22:34:10 11564 [Note] InnoDB: Starting shutdown...
2016-11-04 22:34:12 11564 [Note] InnoDB: Shutdown completed; log sequence number 1835047
2016-11-04 22:34:12 11564 [Note] d:\xampp\mysql\bin\mysqld.exe: Shutdown complete

2016-11-04 22:34:38 2fcc InnoDB: Warning: Using innodb_additional_mem_pool_size is DEPRECATED. This option may be removed in future releases, together with the option innodb_use_sys_malloc and with the InnoDB's internal memory allocator.
2016-11-04 22:34:38 12236 [Note] InnoDB: innodb_empty_free_list_algorithm has been changed to legacy because of small buffer pool size. In order to use backoff, increase buffer pool at least up to 20MB.

2016-11-04 22:34:39 12236 [Note] InnoDB: Using mutexes to ref count buffer pool pages
2016-11-04 22:34:39 12236 [Note] InnoDB: The InnoDB memory heap is disabled
2016-11-04 22:34:39 12236 [Note] InnoDB: Mutexes and rw_locks use Windows interlocked functions
2016-11-04 22:34:39 12236 [Note] InnoDB: Memory barrier is not used
2016-11-04 22:34:39 12236 [Note] InnoDB: Compressed tables use zlib 1.2.3
2016-11-04 22:34:39 12236 [Note] InnoDB: Using generic crc32 instructions
2016-11-04 22:34:39 12236 [Note] InnoDB: Initializing buffer pool, size = 16.0M
2016-11-04 22:34:39 12236 [Note] InnoDB: Completed initialization of buffer pool
2016-11-04 22:34:39 12236 [Note] InnoDB: Highest supported file format is Barracuda.
2016-11-04 22:34:39 12236 [Note] InnoDB: 128 rollback segment(s) are active.
2016-11-04 22:34:39 12236 [Note] InnoDB: Waiting for purge to start
2016-11-04 22:34:39 12236 [Note] InnoDB:  Percona XtraDB (http://www.percona.com) 5.6.30-76.3 started; log sequence number 1835047
2016-11-04 22:34:39 10284 [Note] InnoDB: Dumping buffer pool(s) not yet started
2016-11-04 22:34:39 12236 [Note] Plugin 'FEEDBACK' is disabled.
2016-11-04 22:34:39 12236 [Note] Server socket created on IP: '::'.
2016-11-04 22:34:39 12236 [Note] d:\xampp\mysql\bin\mysqld.exe: ready for connections.
Version: '10.1.16-MariaDB'  socket: ''  port: 3306  mariadb.org binary distribution
2016-11-04 22:50:40 11536 [Note] d:\xampp\mysql\bin\mysqld.exe: Normal shutdown

2016-11-04 22:50:40 11536 [Note] Event Scheduler: Purging the queue. 0 events
2016-11-04 22:50:41 11048 [Note] InnoDB: FTS optimize thread exiting.
2016-11-04 22:50:41 11536 [Note] InnoDB: Starting shutdown...
2016-11-04 22:50:42 11536 [Note] InnoDB: Shutdown completed; log sequence number 1835057
2016-11-04 22:50:42 11536 [Note] d:\xampp\mysql\bin\mysqld.exe: Shutdown complete

2016-11-07 13:15:46 2354 InnoDB: Warning: Using innodb_additional_mem_pool_size is DEPRECATED. This option may be removed in future releases, together with the option innodb_use_sys_malloc and with the InnoDB's internal memory allocator.
2016-11-07 13:15:46 9044 [Note] InnoDB: innodb_empty_free_list_algorithm has been changed to legacy because of small buffer pool size. In order to use backoff, increase buffer pool at least up to 20MB.

2016-11-07 13:15:46 9044 [Note] InnoDB: Using mutexes to ref count buffer pool pages
2016-11-07 13:15:46 9044 [Note] InnoDB: The InnoDB memory heap is disabled
2016-11-07 13:15:46 9044 [Note] InnoDB: Mutexes and rw_locks use Windows interlocked functions
2016-11-07 13:15:46 9044 [Note] InnoDB: Memory barrier is not used
2016-11-07 13:15:46 9044 [Note] InnoDB: Compressed tables use zlib 1.2.3
2016-11-07 13:15:46 9044 [Note] InnoDB: Using generic crc32 instructions
2016-11-07 13:15:46 9044 [Note] InnoDB: Initializing buffer pool, size = 16.0M
2016-11-07 13:15:46 9044 [Note] InnoDB: Completed initialization of buffer pool
2016-11-07 13:15:47 9044 [Note] InnoDB: Highest supported file format is Barracuda.
2016-11-07 13:15:47 9044 [Note] InnoDB: 128 rollback segment(s) are active.
2016-11-07 13:15:47 9044 [Note] InnoDB: Waiting for purge to start
2016-11-07 13:15:47 9044 [Note] InnoDB:  Percona XtraDB (http://www.percona.com) 5.6.30-76.3 started; log sequence number 1835057
2016-11-07 13:15:47 10300 [Note] InnoDB: Dumping buffer pool(s) not yet started
2016-11-07 13:15:47 9044 [Note] Plugin 'FEEDBACK' is disabled.
2016-11-07 13:15:47 9044 [Note] Server socket created on IP: '::'.
2016-11-07 13:15:47 9044 [Note] c:\xampp\mysql\bin\mysqld.exe: ready for connections.
Version: '10.1.16-MariaDB'  socket: ''  port: 3306  mariadb.org binary distribution
2016-11-07 14:03:06 10324 [Note] c:\xampp\mysql\bin\mysqld.exe: Normal shutdown

2016-11-07 14:03:06 10324 [Note] Event Scheduler: Purging the queue. 0 events
2016-11-07 14:03:07 10308 [Note] InnoDB: FTS optimize thread exiting.
2016-11-07 14:03:07 10324 [Note] InnoDB: Starting shutdown...
2016-11-07 14:03:08 10324 [Note] InnoDB: Shutdown completed; log sequence number 1835067
2016-11-07 14:03:08 10324 [Note] c:\xampp\mysql\bin\mysqld.exe: Shutdown complete

